# JRE version: Java(TM) SE Runtime Environment (20.0.2+9) (build 20.0.2+9-78)
# Java VM: Java HotSpot(TM) 64-Bit Server VM (20.0.2+9-78, mixed mode, sharing, tiered, compressed oops, compressed class ptrs, g1 gc, bsd-amd64)
Heap:
 garbage-first heap   total 178176K, used 71726K [0x0000000700000000, 0x0000000800000000)
  region size 2048K, 7 young (14336K), 5 survivors (10240K)
 Metaspace       used 33605K, committed 34176K, reserved 1114112K
  class space    used 4303K, committed 4608K, reserved 1048576K
GC Heap History (20 events):
Event: 17.756 GC heap before
{Heap before GC invocations=7 (full 0):
 garbage-first heap   total 67584K, used 46178K [0x0000000700000000, 0x0000000800000000)
  region size 2048K, 11 young (22528K), 3 survivors (6144K)
 Metaspace       used 29541K, committed 30144K, reserved 1114112K
  class space    used 4028K, committed 4288K, reserved 1048576K
}
Event: 17.757 GC heap after
{Heap after GC invocations=8 (full 0):
 garbage-first heap   total 67584K, used 30839K [0x0000000700000000, 0x0000000800000000)
  region size 2048K, 2 young (4096K), 2 survivors (4096K)
 Metaspace       used 29541K, committed 30144K, reserved 1114112K
  class space    used 4028K, committed 4288K, reserved 1048576K
}
Event: 17.909 GC heap before
{Heap before GC invocations=9 (full 0):
 garbage-first heap   total 73728K, used 65655K [0x0000000700000000, 0x0000000800000000)
  region size 2048K, 13 young (26624K), 2 survivors (4096K)
 Metaspace       used 30016K, committed 30528K, reserved 1114112K
  class space    used 4075K, committed 4288K, reserved 1048576K
}
Event: 17.913 GC heap after
{Heap after GC invocations=10 (full 0):
 garbage-first heap   total 86016K, used 52581K [0x0000000700000000, 0x0000000800000000)
  region size 2048K, 2 young (4096K), 2 survivors (4096K)
 Metaspace       used 30016K, committed 30528K, reserved 1114112K
  class space    used 4075K, committed 4288K, reserved 1048576K
}
Event: 17.990 GC heap before
{Heap before GC invocations=10 (full 0):
 garbage-first heap   total 86016K, used 81253K [0x0000000700000000, 0x0000000800000000)
  region size 2048K, 10 young (20480K), 2 survivors (4096K)
 Metaspace       used 30095K, committed 30656K, reserved 1114112K
  class space    used 4091K, committed 4352K, reserved 1048576K
}
Event: 17.993 GC heap after
{Heap after GC invocations=11 (full 0):
 garbage-first heap   total 143360K, used 80873K [0x0000000700000000, 0x0000000800000000)
  region size 2048K, 2 young (4096K), 2 survivors (4096K)
 Metaspace       used 30095K, committed 30656K, reserved 1114112K
  class space    used 4091K, committed 4352K, reserved 1048576K
}
Event: 18.209 GC heap before
{Heap before GC invocations=11 (full 0):
 garbage-first heap   total 143360K, used 107497K [0x0000000700000000, 0x0000000800000000)
  region size 2048K, 16 young (32768K), 2 survivors (4096K)
 Metaspace       used 30741K, committed 31296K, reserved 1114112K
  class space    used 4158K, committed 4416K, reserved 1048576K
}
Event: 18.212 GC heap after
{Heap after GC invocations=12 (full 0):
 garbage-first heap   total 143360K, used 94216K [0x0000000700000000, 0x0000000800000000)
  region size 2048K, 2 young (4096K), 2 survivors (4096K)
 Metaspace       used 30741K, committed 31296K, reserved 1114112K
  class space    used 4158K, committed 4416K, reserved 1048576K
}
Event: 18.388 GC heap before
{Heap before GC invocations=13 (full 0):
 garbage-first heap   total 147456K, used 100360K [0x0000000700000000, 0x0000000800000000)
  region size 2048K, 12 young (24576K), 2 survivors (4096K)
 Metaspace       used 30977K, committed 31488K, reserved 1114112K
  class space    used 4181K, committed 4416K, reserved 1048576K
}
Event: 18.390 GC heap after
{Heap after GC invocations=14 (full 0):
 garbage-first heap   total 147456K, used 82778K [0x0000000700000000, 0x0000000800000000)
  region size 2048K, 1 young (2048K), 1 survivors (2048K)
 Metaspace       used 30977K, committed 31488K, reserved 1114112K
  class space    used 4181K, committed 4416K, reserved 1048576K
}
Event: 18.684 GC heap before
{Heap before GC invocations=14 (full 0):
 garbage-first heap   total 147456K, used 113498K [0x0000000700000000, 0x0000000800000000)
  region size 2048K, 17 young (34816K), 1 survivors (2048K)
 Metaspace       used 31143K, committed 31744K, reserved 1114112K
  class space    used 4191K, committed 4480K, reserved 1048576K
}
Event: 18.687 GC heap after
{Heap after GC invocations=15 (full 0):
 garbage-first heap   total 147456K, used 83579K [0x0000000700000000, 0x0000000800000000)
  region size 2048K, 3 young (6144K), 3 survivors (6144K)
 Metaspace       used 31143K, committed 31744K, reserved 1114112K
  class space    used 4191K, committed 4480K, reserved 1048576K
}
Event: 19.560 GC heap before
{Heap before GC invocations=15 (full 0):
 garbage-first heap   total 147456K, used 114299K [0x0000000700000000, 0x0000000800000000)
  region size 2048K, 19 young (38912K), 3 survivors (6144K)
 Metaspace       used 31777K, committed 32320K, reserved 1114112K
  class space    used 4240K, committed 4480K, reserved 1048576K
}
Event: 19.562 GC heap after
{Heap after GC invocations=16 (full 0):
 garbage-first heap   total 178176K, used 84225K [0x0000000700000000, 0x0000000800000000)
  region size 2048K, 3 young (6144K), 3 survivors (6144K)
 Metaspace       used 31777K, committed 32320K, reserved 1114112K
  class space    used 4240K, committed 4480K, reserved 1048576K
}
Event: 20.497 GC heap before
{Heap before GC invocations=17 (full 0):
 garbage-first heap   total 178176K, used 127233K [0x0000000700000000, 0x0000000800000000)
  region size 2048K, 29 young (59392K), 3 survivors (6144K)
 Metaspace       used 32447K, committed 33024K, reserved 1114112K
  class space    used 4276K, committed 4544K, reserved 1048576K
}
Event: 20.500 GC heap after
{Heap after GC invocations=18 (full 0):
 garbage-first heap   total 178176K, used 78224K [0x0000000700000000, 0x0000000800000000)
  region size 2048K, 4 young (8192K), 4 survivors (8192K)
 Metaspace       used 32447K, committed 33024K, reserved 1114112K
  class space    used 4276K, committed 4544K, reserved 1048576K
}
Event: 21.703 GC heap before
{Heap before GC invocations=18 (full 0):
 garbage-first heap   total 178176K, used 135568K [0x0000000700000000, 0x0000000800000000)
  region size 2048K, 33 young (67584K), 4 survivors (8192K)
 Metaspace       used 32953K, committed 33600K, reserved 1114112K
  class space    used 4291K, committed 4608K, reserved 1048576K
}
Event: 21.706 GC heap after
{Heap after GC invocations=19 (full 0):
 garbage-first heap   total 178176K, used 64050K [0x0000000700000000, 0x0000000800000000)
  region size 2048K, 4 young (8192K), 4 survivors (8192K)
 Metaspace       used 32953K, committed 33600K, reserved 1114112K
  class space    used 4291K, committed 4608K, reserved 1048576K
}
Event: 23.013 GC heap before
{Heap before GC invocations=19 (full 0):
 garbage-first heap   total 178176K, used 145970K [0x0000000700000000, 0x0000000800000000)
  region size 2048K, 45 young (92160K), 4 survivors (8192K)
 Metaspace       used 33552K, committed 34112K, reserved 1114112K
  class space    used 4303K, committed 4608K, reserved 1048576K
}
Event: 23.018 GC heap after
{Heap after GC invocations=20 (full 0):
 garbage-first heap   total 178176K, used 67904K [0x0000000700000000, 0x0000000800000000)
  region size 2048K, 5 young (10240K), 5 survivors (10240K)
 Metaspace       used 33552K, committed 34112K, reserved 1114112K
  class space    used 4303K, committed 4608K, reserved 1048576K
}

